Release 14.7 - xst P.20131013 (lin64)
Copyright (c) 1995-2013 Xilinx, Inc.  All rights reserved.
--> 
Parameter TMPDIR set to xst/projnav.tmp


Total REAL time to Xst completion: 0.00 secs
Total CPU time to Xst completion: 0.06 secs
 
--> 
Parameter xsthdpdir set to xst


Total REAL time to Xst completion: 0.00 secs
Total CPU time to Xst completion: 0.06 secs
 
--> 
Reading design: tb.prj

TABLE OF CONTENTS
  1) Synthesis Options Summary
  2) HDL Compilation
  3) Design Hierarchy Analysis
  4) HDL Analysis
  5) HDL Synthesis
     5.1) HDL Synthesis Report
  6) Advanced HDL Synthesis
     6.1) Advanced HDL Synthesis Report
  7) Low Level Synthesis
  8) Partition Report
  9) Final Report
	9.1) Device utilization summary
	9.2) Partition Resource Summary
	9.3) TIMING REPORT


=========================================================================
*                      Synthesis Options Summary                        *
=========================================================================
---- Source Parameters
Input File Name                    : "tb.prj"
Input Format                       : mixed
Ignore Synthesis Constraint File   : NO

---- Target Parameters
Output File Name                   : "tb"
Output Format                      : NGC
Target Device                      : xc3s50an-4-tqg144

---- Source Options
Top Module Name                    : tb
Automatic FSM Extraction           : YES
FSM Encoding Algorithm             : Auto
Safe Implementation                : No
FSM Style                          : LUT
RAM Extraction                     : Yes
RAM Style                          : Auto
ROM Extraction                     : Yes
Mux Style                          : Auto
Decoder Extraction                 : YES
Priority Encoder Extraction        : Yes
Shift Register Extraction          : YES
Logical Shifter Extraction         : YES
XOR Collapsing                     : YES
ROM Style                          : Auto
Mux Extraction                     : Yes
Resource Sharing                   : YES
Asynchronous To Synchronous        : NO
Multiplier Style                   : Auto
Automatic Register Balancing       : No

---- Target Options
Add IO Buffers                     : YES
Global Maximum Fanout              : 500
Add Generic Clock Buffer(BUFG)     : 24
Register Duplication               : YES
Slice Packing                      : YES
Optimize Instantiated Primitives   : NO
Use Clock Enable                   : Yes
Use Synchronous Set                : Yes
Use Synchronous Reset              : Yes
Pack IO Registers into IOBs        : Auto
Equivalent register Removal        : YES

---- General Options
Optimization Goal                  : Speed
Optimization Effort                : 1
Keep Hierarchy                     : No
Netlist Hierarchy                  : As_Optimized
RTL Output                         : Yes
Global Optimization                : AllClockNets
Read Cores                         : YES
Write Timing Constraints           : NO
Cross Clock Analysis               : NO
Hierarchy Separator                : /
Bus Delimiter                      : <>
Case Specifier                     : Maintain
Slice Utilization Ratio            : 100
BRAM Utilization Ratio             : 100
Verilog 2001                       : YES
Auto BRAM Packing                  : NO
Slice Utilization Ratio Delta      : 5

=========================================================================


=========================================================================
*                          HDL Compilation                              *
=========================================================================
Compiling verilog file "../reg.v" in library work
Compiling verilog file "../memory.v" in library work
Module <reg_file> compiled
Module <rom64> compiled
Compiling verilog file "../inst_decoder.v" in library work
Module <mem64> compiled
Compiling verilog file "../control.v" in library work
Module <inst_decoder> compiled
Compiling verilog file "../alu.v" in library work
Module <pipeline_ctl> compiled
Compiling verilog file "../riscv_pipeline.v" in library work
Module <alu> compiled
Compiling verilog file "../tb.v" in library work
Module <riscv_pipeline> compiled
Module <tb> compiled
No errors in compilation
Analysis of file <"tb.prj"> succeeded.
 

=========================================================================
*                     Design Hierarchy Analysis                         *
=========================================================================
ERROR:HDLCompilers:244 - "../control.v" line 47 Name 'alu.SUB_64' could not be resolved
ERROR:HDLCompilers:244 - "../control.v" line 48 Name 'alu.ALU_NOP' could not be resolved
ERROR:HDLCompilers:244 - "../control.v" line 49 Name 'alu.ADD_64' could not be resolved
ERROR:HDLCompilers:244 - "../control.v" line 50 Name 'alu.BIT_AND' could not be resolved
ERROR:HDLCompilers:244 - "../control.v" line 51 Name 'alu.BIT_OR' could not be resolved
ERROR:HDLCompilers:244 - "../control.v" line 52 Name 'alu.BIT_XOR' could not be resolved
ERROR:HDLCompilers:244 - "../control.v" line 52 Name 'alu.ALU_NOP' could not be resolved
ERROR:HDLCompilers:107 - "../control.v" line 47 Illegal right hand side of nonblocking assignment
ERROR:HDLCompilers:244 - "../control.v" line 62 Name 'alu.ADD_64' could not be resolved
ERROR:HDLCompilers:244 - "../control.v" line 63 Name 'alu.BIT_AND' could not be resolved
ERROR:HDLCompilers:244 - "../control.v" line 64 Name 'alu.BIT_OR' could not be resolved
ERROR:HDLCompilers:244 - "../control.v" line 65 Name 'alu.BIT_XOR' could not be resolved
ERROR:HDLCompilers:244 - "../control.v" line 65 Name 'alu.ALU_NOP' could not be resolved
ERROR:HDLCompilers:107 - "../control.v" line 62 Illegal right hand side of nonblocking assignment
ERROR:HDLCompilers:244 - "../control.v" line 75 Name 'alu.ADD_64' could not be resolved
ERROR:HDLCompilers:107 - "../control.v" line 75 Illegal right hand side of nonblocking assignment
ERROR:HDLCompilers:244 - "../control.v" line 85 Name 'alu.ADD_64' could not be resolved
ERROR:HDLCompilers:107 - "../control.v" line 85 Illegal right hand side of nonblocking assignment
ERROR:HDLCompilers:244 - "../control.v" line 95 Name 'alu.ALU_NOP' could not be resolved
ERROR:HDLCompilers:107 - "../control.v" line 95 Illegal right hand side of nonblocking assignment
--> 


Total memory usage is 512016 kilobytes

Number of errors   :   20 (   0 filtered)
Number of warnings :    0 (   0 filtered)
Number of infos    :    0 (   0 filtered)

